0 info it worked if it ends with ok
1 verbose cli [ 'C:\\Program Files\\nodejs\\node.exe',
1 verbose cli   'C:\\Program Files\\nodejs\\node_modules\\npm\\bin\\npm-cli.js',
1 verbose cli   'install',
1 verbose cli   'ejs',
1 verbose cli   'body-parser',
1 verbose cli   'morgen',
1 verbose cli   '--save' ]
2 info using npm@3.8.3
3 info using node@v5.10.1
4 silly loadCurrentTree Starting
5 silly install loadCurrentTree
6 silly install readLocalPackageData
7 silly fetchPackageMetaData ejs@^2.5.7
8 silly fetchPackageMetaData body-parser@^1.18.2
9 silly fetchPackageMetaData morgen
10 silly fetchNamedPackageData ejs
11 silly mapToRegistry name ejs
12 silly mapToRegistry using default registry
13 silly mapToRegistry registry https://registry.npmjs.org/
14 silly mapToRegistry data Result {
14 silly mapToRegistry   raw: 'ejs',
14 silly mapToRegistry   scope: null,
14 silly mapToRegistry   name: 'ejs',
14 silly mapToRegistry   rawSpec: '',
14 silly mapToRegistry   spec: 'latest',
14 silly mapToRegistry   type: 'tag' }
15 silly mapToRegistry uri https://registry.npmjs.org/ejs
16 silly fetchNamedPackageData body-parser
17 silly mapToRegistry name body-parser
18 silly mapToRegistry using default registry
19 silly mapToRegistry registry https://registry.npmjs.org/
20 silly mapToRegistry data Result {
20 silly mapToRegistry   raw: 'body-parser',
20 silly mapToRegistry   scope: null,
20 silly mapToRegistry   name: 'body-parser',
20 silly mapToRegistry   rawSpec: '',
20 silly mapToRegistry   spec: 'latest',
20 silly mapToRegistry   type: 'tag' }
21 silly mapToRegistry uri https://registry.npmjs.org/body-parser
22 silly fetchNamedPackageData morgen
23 silly mapToRegistry name morgen
24 silly mapToRegistry using default registry
25 silly mapToRegistry registry https://registry.npmjs.org/
26 silly mapToRegistry data Result {
26 silly mapToRegistry   raw: 'morgen',
26 silly mapToRegistry   scope: null,
26 silly mapToRegistry   name: 'morgen',
26 silly mapToRegistry   rawSpec: '',
26 silly mapToRegistry   spec: 'latest',
26 silly mapToRegistry   type: 'tag' }
27 silly mapToRegistry uri https://registry.npmjs.org/morgen
28 verbose request uri https://registry.npmjs.org/morgen
29 verbose request no auth needed
30 info attempt registry request try #1 at 12:24:34 PM
31 verbose request id d25849cc31cbacbb
32 http request GET https://registry.npmjs.org/morgen
33 verbose request uri https://registry.npmjs.org/ejs
34 verbose request no auth needed
35 info attempt registry request try #1 at 12:24:34 PM
36 verbose etag W/"59da768e-11349"
37 verbose lastModified Sun, 08 Oct 2017 19:03:42 GMT
38 http request GET https://registry.npmjs.org/ejs
39 verbose request uri https://registry.npmjs.org/body-parser
40 verbose request no auth needed
41 info attempt registry request try #1 at 12:24:34 PM
42 verbose etag W/"59dc48e8-23195"
43 verbose lastModified Tue, 10 Oct 2017 04:13:28 GMT
44 http request GET https://registry.npmjs.org/body-parser
45 info retry will retry, error on last attempt: Error: getaddrinfo ENOTFOUND registry.npmjs.org registry.npmjs.org:443
46 info retry will retry, error on last attempt: Error: getaddrinfo ENOTFOUND registry.npmjs.org registry.npmjs.org:443
47 info retry will retry, error on last attempt: Error: getaddrinfo ENOTFOUND registry.npmjs.org registry.npmjs.org:443
48 info attempt registry request try #2 at 12:24:57 PM
49 http request GET https://registry.npmjs.org/morgen
50 info attempt registry request try #2 at 12:24:57 PM
51 verbose etag W/"59da768e-11349"
52 verbose lastModified Sun, 08 Oct 2017 19:03:42 GMT
53 http request GET https://registry.npmjs.org/ejs
54 info attempt registry request try #2 at 12:24:57 PM
55 verbose etag W/"59dc48e8-23195"
56 verbose lastModified Tue, 10 Oct 2017 04:13:28 GMT
57 http request GET https://registry.npmjs.org/body-parser
58 info retry will retry, error on last attempt: Error: getaddrinfo ENOTFOUND registry.npmjs.org registry.npmjs.org:443
59 info retry will retry, error on last attempt: Error: getaddrinfo ENOTFOUND registry.npmjs.org registry.npmjs.org:443
60 info retry will retry, error on last attempt: Error: getaddrinfo ENOTFOUND registry.npmjs.org registry.npmjs.org:443
61 info attempt registry request try #3 at 12:26:08 PM
62 http request GET https://registry.npmjs.org/morgen
63 info attempt registry request try #3 at 12:26:08 PM
64 verbose etag W/"59da768e-11349"
65 verbose lastModified Sun, 08 Oct 2017 19:03:42 GMT
66 http request GET https://registry.npmjs.org/ejs
67 info attempt registry request try #3 at 12:26:08 PM
68 verbose etag W/"59dc48e8-23195"
69 verbose lastModified Tue, 10 Oct 2017 04:13:28 GMT
70 http request GET https://registry.npmjs.org/body-parser
71 silly fetchPackageMetaData Error: getaddrinfo ENOTFOUND registry.npmjs.org registry.npmjs.org:443
71 silly fetchPackageMetaData     at errnoException (dns.js:26:10)
71 silly fetchPackageMetaData     at GetAddrInfoReqWrap.onlookup [as oncomplete] (dns.js:77:26)
71 silly fetchPackageMetaData  error for morgen { [Error: getaddrinfo ENOTFOUND registry.npmjs.org registry.npmjs.org:443]
71 silly fetchPackageMetaData   code: 'ENOTFOUND',
71 silly fetchPackageMetaData   errno: 'ENOTFOUND',
71 silly fetchPackageMetaData   syscall: 'getaddrinfo',
71 silly fetchPackageMetaData   hostname: 'registry.npmjs.org',
71 silly fetchPackageMetaData   host: 'registry.npmjs.org',
71 silly fetchPackageMetaData   port: 443 }
72 silly get cb [ 304, undefined ]
73 verbose etag https://registry.npmjs.org/ejs from cache
74 verbose get saving ejs to C:\Users\ADMIN\AppData\Roaming\npm-cache\registry.npmjs.org\ejs\.cache.json
75 verbose correctMkdir C:\Users\ADMIN\AppData\Roaming\npm-cache correctMkdir not in flight; initializing
76 silly get cb [ 304, undefined ]
77 verbose etag https://registry.npmjs.org/body-parser from cache
78 verbose get saving body-parser to C:\Users\ADMIN\AppData\Roaming\npm-cache\registry.npmjs.org\body-parser\.cache.json
79 verbose correctMkdir C:\Users\ADMIN\AppData\Roaming\npm-cache correctMkdir already in flight; waiting
80 silly rollbackFailedOptional Starting
81 silly rollbackFailedOptional Finishing
82 silly runTopLevelLifecycles Starting
83 silly runTopLevelLifecycles Finishing
84 silly install printInstalled
85 verbose stack Error: getaddrinfo ENOTFOUND registry.npmjs.org registry.npmjs.org:443
85 verbose stack     at errnoException (dns.js:26:10)
85 verbose stack     at GetAddrInfoReqWrap.onlookup [as oncomplete] (dns.js:77:26)
86 verbose cwd C:\Users\ADMIN\Downloads\ExpressCalculator
87 error Windows_NT 6.3.9600
88 error argv "C:\\Program Files\\nodejs\\node.exe" "C:\\Program Files\\nodejs\\node_modules\\npm\\bin\\npm-cli.js" "install" "ejs" "body-parser" "morgen" "--save"
89 error node v5.10.1
90 error npm  v3.8.3
91 error code ENOTFOUND
92 error errno ENOTFOUND
93 error syscall getaddrinfo
94 error network getaddrinfo ENOTFOUND registry.npmjs.org registry.npmjs.org:443
95 error network This is most likely not a problem with npm itself
95 error network and is related to network connectivity.
95 error network In most cases you are behind a proxy or have bad network settings.
95 error network
95 error network If you are behind a proxy, please make sure that the
95 error network 'proxy' config is set properly.  See: 'npm help config'
96 verbose exit [ 1, true ]
